# JRE version: OpenJDK Runtime Environment (8.0_112-b06) (build 1.8.0_112-release-b06)
# Java VM: OpenJDK 64-Bit Server VM (25.112-b06 mixed mode windows-amd64 compressed oops)
Heap:
 PSYoungGen      total 227840K, used 45326K [0x00000000e0000000, 0x00000000efd80000, 0x0000000100000000)
  eden space 204288K, 10% used [0x00000000e0000000,0x00000000e1546620,0x00000000ec780000)
  from space 23552K, 99% used [0x00000000ed400000,0x00000000eeafd4d0,0x00000000eeb00000)
  to   space 18944K, 0% used [0x00000000eeb00000,0x00000000eeb00000,0x00000000efd80000)
 ParOldGen       total 168960K, used 45719K [0x00000000a0000000, 0x00000000aa500000, 0x00000000e0000000)
  object space 168960K, 27% used [0x00000000a0000000,0x00000000a2ca5d40,0x00000000aa500000)
 Metaspace       used 60568K, capacity 64228K, committed 64512K, reserved 1105920K
  class space    used 8096K, capacity 8835K, committed 8960K, reserved 1048576K
GC Heap History (10 events):
Event: 37.824 GC heap before
{Heap before GC invocations=16 (full 2):
 PSYoungGen      total 126976K, used 126946K [0x00000000e0000000, 0x00000000ec100000, 0x0000000100000000)
  eden space 112640K, 100% used [0x00000000e0000000,0x00000000e6e00000,0x00000000e6e00000)
  from space 14336K, 99% used [0x00000000e6e00000,0x00000000e7bf88e8,0x00000000e7c00000)
  to   space 18944K, 0% used [0x00000000eae80000,0x00000000eae80000,0x00000000ec100000)
 ParOldGen       total 101376K, used 25766K [0x00000000a0000000, 0x00000000a6300000, 0x00000000e0000000)
  object space 101376K, 25% used [0x00000000a0000000,0x00000000a1929858,0x00000000a6300000)
 Metaspace       used 52541K, capacity 54522K, committed 54784K, reserved 1095680K
  class space    used 7107K, capacity 7569K, committed 7680K, reserved 1048576K
Event: 37.859 GC heap after
Heap after GC invocations=16 (full 2):
 PSYoungGen      total 173056K, used 18933K [0x00000000e0000000, 0x00000000ecb80000, 0x0000000100000000)
  eden space 154112K, 0% used [0x00000000e0000000,0x00000000e0000000,0x00000000e9680000)
  from space 18944K, 99% used [0x00000000eae80000,0x00000000ec0fd490,0x00000000ec100000)
  to   space 24576K, 0% used [0x00000000e9680000,0x00000000e9680000,0x00000000eae80000)
 ParOldGen       total 101376K, used 33712K [0x00000000a0000000, 0x00000000a6300000, 0x00000000e0000000)
  object space 101376K, 33% used [0x00000000a0000000,0x00000000a20ec3c0,0x00000000a6300000)
 Metaspace       used 52541K, capacity 54522K, committed 54784K, reserved 1095680K
  class space    used 7107K, capacity 7569K, committed 7680K, reserved 1048576K
}
Event: 44.199 GC heap before
{Heap before GC invocations=17 (full 2):
 PSYoungGen      total 173056K, used 135892K [0x00000000e0000000, 0x00000000ecb80000, 0x0000000100000000)
  eden space 154112K, 75% used [0x00000000e0000000,0x00000000e7237d08,0x00000000e9680000)
  from space 18944K, 99% used [0x00000000eae80000,0x00000000ec0fd490,0x00000000ec100000)
  to   space 24576K, 0% used [0x00000000e9680000,0x00000000e9680000,0x00000000eae80000)
 ParOldGen       total 101376K, used 33712K [0x00000000a0000000, 0x00000000a6300000, 0x00000000e0000000)
  object space 101376K, 33% used [0x00000000a0000000,0x00000000a20ec3c0,0x00000000a6300000)
 Metaspace       used 56314K, capacity 59048K, committed 59160K, reserved 1099776K
  class space    used 7613K, capacity 8243K, committed 8320K, reserved 1048576K
Event: 44.617 GC heap after
Heap after GC invocations=17 (full 2):
 PSYoungGen      total 178688K, used 11562K [0x00000000e0000000, 0x00000000f0a00000, 0x0000000100000000)
  eden space 154112K, 0% used [0x00000000e0000000,0x00000000e0000000,0x00000000e9680000)
  from space 24576K, 47% used [0x00000000e9680000,0x00000000ea1ca8b0,0x00000000eae80000)
  to   space 23552K, 0% used [0x00000000ef300000,0x00000000ef300000,0x00000000f0a00000)
 ParOldGen       total 101376K, used 52487K [0x00000000a0000000, 0x00000000a6300000, 0x00000000e0000000)
  object space 101376K, 51% used [0x00000000a0000000,0x00000000a3341d90,0x00000000a6300000)
 Metaspace       used 56314K, capacity 59048K, committed 59160K, reserved 1099776K
  class space    used 7613K, capacity 8243K, committed 8320K, reserved 1048576K
}
Event: 44.617 GC heap before
{Heap before GC invocations=18 (full 3):
 PSYoungGen      total 178688K, used 11562K [0x00000000e0000000, 0x00000000f0a00000, 0x0000000100000000)
  eden space 154112K, 0% used [0x00000000e0000000,0x00000000e0000000,0x00000000e9680000)
  from space 24576K, 47% used [0x00000000e9680000,0x00000000ea1ca8b0,0x00000000eae80000)
  to   space 23552K, 0% used [0x00000000ef300000,0x00000000ef300000,0x00000000f0a00000)
 ParOldGen       total 101376K, used 52487K [0x00000000a0000000, 0x00000000a6300000, 0x00000000e0000000)
  object space 101376K, 51% used [0x00000000a0000000,0x00000000a3341d90,0x00000000a6300000)
 Metaspace       used 56314K, capacity 59048K, committed 59160K, reserved 1099776K
  class space    used 7613K, capacity 8243K, committed 8320K, reserved 1048576K
Event: 46.617 GC heap after
Heap after GC invocations=18 (full 3):
 PSYoungGen      total 178688K, used 0K [0x00000000e0000000, 0x00000000f0a00000, 0x0000000100000000)
  eden space 154112K, 0% used [0x00000000e0000000,0x00000000e0000000,0x00000000e9680000)
  from space 24576K, 0% used [0x00000000e9680000,0x00000000e9680000,0x00000000eae80000)
  to   space 23552K, 0% used [0x00000000ef300000,0x00000000ef300000,0x00000000f0a00000)
 ParOldGen       total 168960K, used 44359K [0x00000000a0000000, 0x00000000aa500000, 0x00000000e0000000)
  object space 168960K, 26% used [0x00000000a0000000,0x00000000a2b51d08,0x00000000aa500000)
 Metaspace       used 56314K, capacity 59048K, committed 59160K, reserved 1099776K
  class space    used 7613K, capacity 8243K, committed 8320K, reserved 1048576K
}
Event: 59.604 GC heap before
{Heap before GC invocations=19 (full 3):
 PSYoungGen      total 178688K, used 154112K [0x00000000e0000000, 0x00000000f0a00000, 0x0000000100000000)
  eden space 154112K, 100% used [0x00000000e0000000,0x00000000e9680000,0x00000000e9680000)
  from space 24576K, 0% used [0x00000000e9680000,0x00000000e9680000,0x00000000eae80000)
  to   space 23552K, 0% used [0x00000000ef300000,0x00000000ef300000,0x00000000f0a00000)
 ParOldGen       total 168960K, used 44359K [0x00000000a0000000, 0x00000000aa500000, 0x00000000e0000000)
  object space 168960K, 26% used [0x00000000a0000000,0x00000000a2b51d08,0x00000000aa500000)
 Metaspace       used 58145K, capacity 61276K, committed 61568K, reserved 1101824K
  class space    used 7818K, capacity 8507K, committed 8576K, reserved 1048576K
Event: 59.631 GC heap after
Heap after GC invocations=19 (full 3):
 PSYoungGen      total 199680K, used 15082K [0x00000000e0000000, 0x00000000f0200000, 0x0000000100000000)
  eden space 184320K, 0% used [0x00000000e0000000,0x00000000e0000000,0x00000000eb400000)
  from space 15360K, 98% used [0x00000000ef300000,0x00000000f01ba960,0x00000000f0200000)
  to   space 23552K, 0% used [0x00000000ed400000,0x00000000ed400000,0x00000000eeb00000)
 ParOldGen       total 168960K, used 44367K [0x00000000a0000000, 0x00000000aa500000, 0x00000000e0000000)
  object space 168960K, 26% used [0x00000000a0000000,0x00000000a2b53d08,0x00000000aa500000)
 Metaspace       used 58145K, capacity 61276K, committed 61568K, reserved 1101824K
  class space    used 7818K, capacity 8507K, committed 8576K, reserved 1048576K
}
Event: 215.570 GC heap before
{Heap before GC invocations=20 (full 3):
 PSYoungGen      total 199680K, used 199402K [0x00000000e0000000, 0x00000000f0200000, 0x0000000100000000)
  eden space 184320K, 100% used [0x00000000e0000000,0x00000000eb400000,0x00000000eb400000)
  from space 15360K, 98% used [0x00000000ef300000,0x00000000f01ba960,0x00000000f0200000)
  to   space 23552K, 0% used [0x00000000ed400000,0x00000000ed400000,0x00000000eeb00000)
 ParOldGen       total 168960K, used 44367K [0x00000000a0000000, 0x00000000aa500000, 0x00000000e0000000)
  object space 168960K, 26% used [0x00000000a0000000,0x00000000a2b53d08,0x00000000aa500000)
 Metaspace       used 60133K, capacity 63802K, committed 63872K, reserved 1103872K
  class space    used 8047K, capacity 8802K, committed 8832K, reserved 1048576K
Event: 215.606 GC heap after
Heap after GC invocations=20 (full 3):
 PSYoungGen      total 227840K, used 23541K [0x00000000e0000000, 0x00000000efd80000, 0x0000000100000000)
  eden space 204288K, 0% used [0x00000000e0000000,0x00000000e0000000,0x00000000ec780000)
  from space 23552K, 99% used [0x00000000ed400000,0x00000000eeafd4d0,0x00000000eeb00000)
  to   space 18944K, 0% used [0x00000000eeb00000,0x00000000eeb00000,0x00000000efd80000)
 ParOldGen       total 168960K, used 45719K [0x00000000a0000000, 0x00000000aa500000, 0x00000000e0000000)
  object space 168960K, 27% used [0x00000000a0000000,0x00000000a2ca5d40,0x00000000aa500000)
 Metaspace       used 60133K, capacity 63802K, committed 63872K, reserved 1103872K
  class space    used 8047K, capacity 8802K, committed 8832K, reserved 1048576K
}

