# JRE version: OpenJDK Runtime Environment (8.0_112-b06) (build 1.8.0_112-release-b06)
# Java VM: OpenJDK 64-Bit Server VM (25.112-b06 mixed mode windows-amd64 compressed oops)
Heap:
 PSYoungGen      total 174592K, used 92637K [0x00000007a0000000, 0x00000007aec00000, 0x00000007c0000000)
  eden space 159744K, 57% used [0x00000007a0000000,0x00000007a5a775d0,0x00000007a9c00000)
  from space 14848K, 0% used [0x00000007aaa80000,0x00000007aaa80000,0x00000007ab900000)
  to   space 14848K, 0% used [0x00000007a9c00000,0x00000007a9c00000,0x00000007aaa80000)
 ParOldGen       total 90624K, used 13919K [0x0000000760000000, 0x0000000765880000, 0x00000007a0000000)
  object space 90624K, 15% used [0x0000000760000000,0x0000000760d97e90,0x0000000765880000)
 Metaspace       used 38257K, capacity 39128K, committed 39424K, reserved 1083392K
  class space    used 5133K, capacity 5366K, committed 5376K, reserved 1048576K
GC Heap History (10 events):
Event: 16.610 GC heap before
{Heap before GC invocations=4 (full 1):
 PSYoungGen      total 70656K, used 5088K [0x00000007a0000000, 0x00000007a8a00000, 0x00000007c0000000)
  eden space 65536K, 0% used [0x00000007a0000000,0x00000007a0000000,0x00000007a4000000)
  from space 5120K, 99% used [0x00000007a4000000,0x00000007a44f8040,0x00000007a4500000)
  to   space 5120K, 0% used [0x00000007a8500000,0x00000007a8500000,0x00000007a8a00000)
 ParOldGen       total 86016K, used 8353K [0x0000000760000000, 0x0000000765400000, 0x00000007a0000000)
  object space 86016K, 9% used [0x0000000760000000,0x00000007608284b8,0x0000000765400000)
 Metaspace       used 20814K, capacity 21198K, committed 21296K, reserved 1067008K
  class space    used 2783K, capacity 2912K, committed 2944K, reserved 1048576K
Event: 16.789 GC heap after
Heap after GC invocations=4 (full 1):
 PSYoungGen      total 70656K, used 0K [0x00000007a0000000, 0x00000007a8a00000, 0x00000007c0000000)
  eden space 65536K, 0% used [0x00000007a0000000,0x00000007a0000000,0x00000007a4000000)
  from space 5120K, 0% used [0x00000007a4000000,0x00000007a4000000,0x00000007a4500000)
  to   space 5120K, 0% used [0x00000007a8500000,0x00000007a8500000,0x00000007a8a00000)
 ParOldGen       total 65024K, used 12451K [0x0000000760000000, 0x0000000763f80000, 0x00000007a0000000)
  object space 65024K, 19% used [0x0000000760000000,0x0000000760c28f20,0x0000000763f80000)
 Metaspace       used 20814K, capacity 21198K, committed 21296K, reserved 1067008K
  class space    used 2783K, capacity 2912K, committed 2944K, reserved 1048576K
}
Event: 29.562 GC heap before
{Heap before GC invocations=5 (full 1):
 PSYoungGen      total 70656K, used 65536K [0x00000007a0000000, 0x00000007a8a00000, 0x00000007c0000000)
  eden space 65536K, 100% used [0x00000007a0000000,0x00000007a4000000,0x00000007a4000000)
  from space 5120K, 0% used [0x00000007a4000000,0x00000007a4000000,0x00000007a4500000)
  to   space 5120K, 0% used [0x00000007a8500000,0x00000007a8500000,0x00000007a8a00000)
 ParOldGen       total 65024K, used 12451K [0x0000000760000000, 0x0000000763f80000, 0x00000007a0000000)
  object space 65024K, 19% used [0x0000000760000000,0x0000000760c28f20,0x0000000763f80000)
 Metaspace       used 26454K, capacity 26894K, committed 27136K, reserved 1073152K
  class space    used 3645K, capacity 3776K, committed 3840K, reserved 1048576K
Event: 29.574 GC heap after
Heap after GC invocations=5 (full 1):
 PSYoungGen      total 109056K, used 5118K [0x00000007a0000000, 0x00000007a8a00000, 0x00000007c0000000)
  eden space 103936K, 0% used [0x00000007a0000000,0x00000007a0000000,0x00000007a6580000)
  from space 5120K, 99% used [0x00000007a8500000,0x00000007a89ff818,0x00000007a8a00000)
  to   space 5120K, 0% used [0x00000007a8000000,0x00000007a8000000,0x00000007a8500000)
 ParOldGen       total 65024K, used 15577K [0x0000000760000000, 0x0000000763f80000, 0x00000007a0000000)
  object space 65024K, 23% used [0x0000000760000000,0x0000000760f36520,0x0000000763f80000)
 Metaspace       used 26454K, capacity 26894K, committed 27136K, reserved 1073152K
  class space    used 3645K, capacity 3776K, committed 3840K, reserved 1048576K
}
Event: 44.420 GC heap before
{Heap before GC invocations=6 (full 1):
 PSYoungGen      total 109056K, used 109054K [0x00000007a0000000, 0x00000007a8a00000, 0x00000007c0000000)
  eden space 103936K, 100% used [0x00000007a0000000,0x00000007a6580000,0x00000007a6580000)
  from space 5120K, 99% used [0x00000007a8500000,0x00000007a89ff818,0x00000007a8a00000)
  to   space 5120K, 0% used [0x00000007a8000000,0x00000007a8000000,0x00000007a8500000)
 ParOldGen       total 65024K, used 15577K [0x0000000760000000, 0x0000000763f80000, 0x00000007a0000000)
  object space 65024K, 23% used [0x0000000760000000,0x0000000760f36520,0x0000000763f80000)
 Metaspace       used 34373K, capacity 35206K, committed 35328K, reserved 1079296K
  class space    used 4621K, capacity 4820K, committed 4864K, reserved 1048576K
Event: 44.475 GC heap after
Heap after GC invocations=6 (full 1):
 PSYoungGen      total 136192K, used 5120K [0x00000007a0000000, 0x00000007ab900000, 0x00000007c0000000)
  eden space 131072K, 0% used [0x00000007a0000000,0x00000007a0000000,0x00000007a8000000)
  from space 5120K, 100% used [0x00000007a8000000,0x00000007a8500000,0x00000007a8500000)
  to   space 14848K, 0% used [0x00000007aaa80000,0x00000007aaa80000,0x00000007ab900000)
 ParOldGen       total 65024K, used 22698K [0x0000000760000000, 0x0000000763f80000, 0x00000007a0000000)
  object space 65024K, 34% used [0x0000000760000000,0x000000076162abd0,0x0000000763f80000)
 Metaspace       used 34373K, capacity 35206K, committed 35328K, reserved 1079296K
  class space    used 4621K, capacity 4820K, committed 4864K, reserved 1048576K
}
Event: 44.933 GC heap before
{Heap before GC invocations=7 (full 1):
 PSYoungGen      total 136192K, used 7458K [0x00000007a0000000, 0x00000007ab900000, 0x00000007c0000000)
  eden space 131072K, 1% used [0x00000007a0000000,0x00000007a0248ba0,0x00000007a8000000)
  from space 5120K, 100% used [0x00000007a8000000,0x00000007a8500000,0x00000007a8500000)
  to   space 14848K, 0% used [0x00000007aaa80000,0x00000007aaa80000,0x00000007ab900000)
 ParOldGen       total 65024K, used 22698K [0x0000000760000000, 0x0000000763f80000, 0x00000007a0000000)
  object space 65024K, 34% used [0x0000000760000000,0x000000076162abd0,0x0000000763f80000)
 Metaspace       used 34520K, capacity 35366K, committed 35496K, reserved 1079296K
  class space    used 4643K, capacity 4852K, committed 4864K, reserved 1048576K
Event: 44.948 GC heap after
Heap after GC invocations=7 (full 1):
 PSYoungGen      total 174592K, used 5216K [0x00000007a0000000, 0x00000007aec00000, 0x00000007c0000000)
  eden space 159744K, 0% used [0x00000007a0000000,0x00000007a0000000,0x00000007a9c00000)
  from space 14848K, 35% used [0x00000007aaa80000,0x00000007aaf98000,0x00000007ab900000)
  to   space 14848K, 0% used [0x00000007a9c00000,0x00000007a9c00000,0x00000007aaa80000)
 ParOldGen       total 65024K, used 22698K [0x0000000760000000, 0x0000000763f80000, 0x00000007a0000000)
  object space 65024K, 34% used [0x0000000760000000,0x000000076162abd0,0x0000000763f80000)
 Metaspace       used 34520K, capacity 35366K, committed 35496K, reserved 1079296K
  class space    used 4643K, capacity 4852K, committed 4864K, reserved 1048576K
}
Event: 44.948 GC heap before
{Heap before GC invocations=8 (full 2):
 PSYoungGen      total 174592K, used 5216K [0x00000007a0000000, 0x00000007aec00000, 0x00000007c0000000)
  eden space 159744K, 0% used [0x00000007a0000000,0x00000007a0000000,0x00000007a9c00000)
  from space 14848K, 35% used [0x00000007aaa80000,0x00000007aaf98000,0x00000007ab900000)
  to   space 14848K, 0% used [0x00000007a9c00000,0x00000007a9c00000,0x00000007aaa80000)
 ParOldGen       total 65024K, used 22698K [0x0000000760000000, 0x0000000763f80000, 0x00000007a0000000)
  object space 65024K, 34% used [0x0000000760000000,0x000000076162abd0,0x0000000763f80000)
 Metaspace       used 34520K, capacity 35366K, committed 35496K, reserved 1079296K
  class space    used 4643K, capacity 4852K, committed 4864K, reserved 1048576K
Event: 45.726 GC heap after
Heap after GC invocations=8 (full 2):
 PSYoungGen      total 174592K, used 0K [0x00000007a0000000, 0x00000007aec00000, 0x00000007c0000000)
  eden space 159744K, 0% used [0x00000007a0000000,0x00000007a0000000,0x00000007a9c00000)
  from space 14848K, 0% used [0x00000007aaa80000,0x00000007aaa80000,0x00000007ab900000)
  to   space 14848K, 0% used [0x00000007a9c00000,0x00000007a9c00000,0x00000007aaa80000)
 ParOldGen       total 90624K, used 13919K [0x0000000760000000, 0x0000000765880000, 0x00000007a0000000)
  object space 90624K, 15% used [0x0000000760000000,0x0000000760d97e90,0x0000000765880000)
 Metaspace       used 34520K, capacity 35366K, committed 35496K, reserved 1079296K
  class space    used 4643K, capacity 4852K, committed 4864K, reserved 1048576K
}

