# JRE version: OpenJDK Runtime Environment (8.0_112-b06) (build 1.8.0_112-release-b06)
# Java VM: OpenJDK 64-Bit Server VM (25.112-b06 mixed mode windows-amd64 compressed oops)
Heap:
 PSYoungGen      total 163328K, used 23653K [0x00000000e0000000, 0x00000000ef380000, 0x0000000100000000)
  eden space 141312K, 16% used [0x00000000e0000000,0x00000000e17195c0,0x00000000e8a00000)
  from space 22016K, 0% used [0x00000000e8a00000,0x00000000e8a00000,0x00000000e9f80000)
  to   space 23552K, 0% used [0x00000000edc80000,0x00000000edc80000,0x00000000ef380000)
 ParOldGen       total 135168K, used 43383K [0x00000000a0000000, 0x00000000a8400000, 0x00000000e0000000)
  object space 135168K, 32% used [0x00000000a0000000,0x00000000a2a5df38,0x00000000a8400000)
 Metaspace       used 56554K, capacity 59262K, committed 59520K, reserved 1099776K
  class space    used 7606K, capacity 8208K, committed 8320K, reserved 1048576K
GC Heap History (10 events):
Event: 14.931 GC heap before
{Heap before GC invocations=12 (full 2):
 PSYoungGen      total 96768K, used 93675K [0x00000000e0000000, 0x00000000e8300000, 0x0000000100000000)
  eden space 84992K, 100% used [0x00000000e0000000,0x00000000e5300000,0x00000000e5300000)
  from space 11776K, 73% used [0x00000000e5300000,0x00000000e5b7ad38,0x00000000e5e80000)
  to   space 12288K, 0% used [0x00000000e7700000,0x00000000e7700000,0x00000000e8300000)
 ParOldGen       total 86016K, used 16992K [0x00000000a0000000, 0x00000000a5400000, 0x00000000e0000000)
  object space 86016K, 19% used [0x00000000a0000000,0x00000000a10983b0,0x00000000a5400000)
 Metaspace       used 43776K, capacity 44880K, committed 45056K, reserved 1087488K
  class space    used 5855K, capacity 6119K, committed 6144K, reserved 1048576K
Event: 14.984 GC heap after
Heap after GC invocations=12 (full 2):
 PSYoungGen      total 120832K, used 12071K [0x00000000e0000000, 0x00000000e8980000, 0x0000000100000000)
  eden space 108544K, 0% used [0x00000000e0000000,0x00000000e0000000,0x00000000e6a00000)
  from space 12288K, 98% used [0x00000000e7700000,0x00000000e82c9f00,0x00000000e8300000)
  to   space 13312K, 0% used [0x00000000e6a00000,0x00000000e6a00000,0x00000000e7700000)
 ParOldGen       total 86016K, used 17000K [0x00000000a0000000, 0x00000000a5400000, 0x00000000e0000000)
  object space 86016K, 19% used [0x00000000a0000000,0x00000000a109a3b0,0x00000000a5400000)
 Metaspace       used 43776K, capacity 44880K, committed 45056K, reserved 1087488K
  class space    used 5855K, capacity 6119K, committed 6144K, reserved 1048576K
}
Event: 16.247 GC heap before
{Heap before GC invocations=13 (full 2):
 PSYoungGen      total 120832K, used 120615K [0x00000000e0000000, 0x00000000e8980000, 0x0000000100000000)
  eden space 108544K, 100% used [0x00000000e0000000,0x00000000e6a00000,0x00000000e6a00000)
  from space 12288K, 98% used [0x00000000e7700000,0x00000000e82c9f00,0x00000000e8300000)
  to   space 13312K, 0% used [0x00000000e6a00000,0x00000000e6a00000,0x00000000e7700000)
 ParOldGen       total 86016K, used 17000K [0x00000000a0000000, 0x00000000a5400000, 0x00000000e0000000)
  object space 86016K, 19% used [0x00000000a0000000,0x00000000a109a3b0,0x00000000a5400000)
 Metaspace       used 48116K, capacity 49812K, committed 49920K, reserved 1091584K
  class space    used 6500K, capacity 6888K, committed 6912K, reserved 1048576K
Event: 16.286 GC heap after
Heap after GC invocations=13 (full 2):
 PSYoungGen      total 121856K, used 13300K [0x00000000e0000000, 0x00000000eaf80000, 0x0000000100000000)
  eden space 108544K, 0% used [0x00000000e0000000,0x00000000e0000000,0x00000000e6a00000)
  from space 13312K, 99% used [0x00000000e6a00000,0x00000000e76fd380,0x00000000e7700000)
  to   space 16384K, 0% used [0x00000000e9f80000,0x00000000e9f80000,0x00000000eaf80000)
 ParOldGen       total 86016K, used 21165K [0x00000000a0000000, 0x00000000a5400000, 0x00000000e0000000)
  object space 86016K, 24% used [0x00000000a0000000,0x00000000a14ab660,0x00000000a5400000)
 Metaspace       used 48116K, capacity 49812K, committed 49920K, reserved 1091584K
  class space    used 6500K, capacity 6888K, committed 6912K, reserved 1048576K
}
Event: 18.345 GC heap before
{Heap before GC invocations=14 (full 2):
 PSYoungGen      total 121856K, used 121844K [0x00000000e0000000, 0x00000000eaf80000, 0x0000000100000000)
  eden space 108544K, 100% used [0x00000000e0000000,0x00000000e6a00000,0x00000000e6a00000)
  from space 13312K, 99% used [0x00000000e6a00000,0x00000000e76fd380,0x00000000e7700000)
  to   space 16384K, 0% used [0x00000000e9f80000,0x00000000e9f80000,0x00000000eaf80000)
 ParOldGen       total 86016K, used 21165K [0x00000000a0000000, 0x00000000a5400000, 0x00000000e0000000)
  object space 86016K, 24% used [0x00000000a0000000,0x00000000a14ab660,0x00000000a5400000)
 Metaspace       used 51633K, capacity 53632K, committed 53760K, reserved 1095680K
  class space    used 6912K, capacity 7341K, committed 7424K, reserved 1048576K
Event: 18.406 GC heap after
Heap after GC invocations=14 (full 2):
 PSYoungGen      total 157696K, used 16359K [0x00000000e0000000, 0x00000000eba80000, 0x0000000100000000)
  eden space 141312K, 0% used [0x00000000e0000000,0x00000000e0000000,0x00000000e8a00000)
  from space 16384K, 99% used [0x00000000e9f80000,0x00000000eaf79da0,0x00000000eaf80000)
  to   space 22016K, 0% used [0x00000000e8a00000,0x00000000e8a00000,0x00000000e9f80000)
 ParOldGen       total 86016K, used 30557K [0x00000000a0000000, 0x00000000a5400000, 0x00000000e0000000)
  object space 86016K, 35% used [0x00000000a0000000,0x00000000a1dd7660,0x00000000a5400000)
 Metaspace       used 51633K, capacity 53632K, committed 53760K, reserved 1095680K
  class space    used 6912K, capacity 7341K, committed 7424K, reserved 1048576K
}
Event: 26.868 GC heap before
{Heap before GC invocations=15 (full 2):
 PSYoungGen      total 157696K, used 157152K [0x00000000e0000000, 0x00000000eba80000, 0x0000000100000000)
  eden space 141312K, 99% used [0x00000000e0000000,0x00000000e897e628,0x00000000e8a00000)
  from space 16384K, 99% used [0x00000000e9f80000,0x00000000eaf79da0,0x00000000eaf80000)
  to   space 22016K, 0% used [0x00000000e8a00000,0x00000000e8a00000,0x00000000e9f80000)
 ParOldGen       total 86016K, used 30557K [0x00000000a0000000, 0x00000000a5400000, 0x00000000e0000000)
  object space 86016K, 35% used [0x00000000a0000000,0x00000000a1dd7660,0x00000000a5400000)
 Metaspace       used 56481K, capacity 59112K, committed 59160K, reserved 1099776K
  class space    used 7589K, capacity 8163K, committed 8192K, reserved 1048576K
Event: 27.897 GC heap after
Heap after GC invocations=15 (full 2):
 PSYoungGen      total 163328K, used 16467K [0x00000000e0000000, 0x00000000ef380000, 0x0000000100000000)
  eden space 141312K, 0% used [0x00000000e0000000,0x00000000e0000000,0x00000000e8a00000)
  from space 22016K, 74% used [0x00000000e8a00000,0x00000000e9a14c40,0x00000000e9f80000)
  to   space 23552K, 0% used [0x00000000edc80000,0x00000000edc80000,0x00000000ef380000)
 ParOldGen       total 86016K, used 45737K [0x00000000a0000000, 0x00000000a5400000, 0x00000000e0000000)
  object space 86016K, 53% used [0x00000000a0000000,0x00000000a2caa7c0,0x00000000a5400000)
 Metaspace       used 56481K, capacity 59112K, committed 59160K, reserved 1099776K
  class space    used 7589K, capacity 8163K, committed 8192K, reserved 1048576K
}
Event: 27.897 GC heap before
{Heap before GC invocations=16 (full 3):
 PSYoungGen      total 163328K, used 16467K [0x00000000e0000000, 0x00000000ef380000, 0x0000000100000000)
  eden space 141312K, 0% used [0x00000000e0000000,0x00000000e0000000,0x00000000e8a00000)
  from space 22016K, 74% used [0x00000000e8a00000,0x00000000e9a14c40,0x00000000e9f80000)
  to   space 23552K, 0% used [0x00000000edc80000,0x00000000edc80000,0x00000000ef380000)
 ParOldGen       total 86016K, used 45737K [0x00000000a0000000, 0x00000000a5400000, 0x00000000e0000000)
  object space 86016K, 53% used [0x00000000a0000000,0x00000000a2caa7c0,0x00000000a5400000)
 Metaspace       used 56481K, capacity 59112K, committed 59160K, reserved 1099776K
  class space    used 7589K, capacity 8163K, committed 8192K, reserved 1048576K
Event: 28.622 GC heap after
Heap after GC invocations=16 (full 3):
 PSYoungGen      total 163328K, used 0K [0x00000000e0000000, 0x00000000ef380000, 0x0000000100000000)
  eden space 141312K, 0% used [0x00000000e0000000,0x00000000e0000000,0x00000000e8a00000)
  from space 22016K, 0% used [0x00000000e8a00000,0x00000000e8a00000,0x00000000e9f80000)
  to   space 23552K, 0% used [0x00000000edc80000,0x00000000edc80000,0x00000000ef380000)
 ParOldGen       total 135168K, used 43383K [0x00000000a0000000, 0x00000000a8400000, 0x00000000e0000000)
  object space 135168K, 32% used [0x00000000a0000000,0x00000000a2a5df38,0x00000000a8400000)
 Metaspace       used 56481K, capacity 59112K, committed 59160K, reserved 1099776K
  class space    used 7589K, capacity 8163K, committed 8192K, reserved 1048576K
}

