# JRE version: OpenJDK Runtime Environment (8.0_112-b06) (build 1.8.0_112-release-b06)
# Java VM: OpenJDK 64-Bit Server VM (25.112-b06 mixed mode windows-amd64 compressed oops)
Heap:
 PSYoungGen      total 272384K, used 19593K [0x00000007a0000000, 0x00000007b7080000, 0x00000007c0000000)
  eden space 246272K, 7% used [0x00000007a0000000,0x00000007a13226d0,0x00000007af080000)
  from space 26112K, 0% used [0x00000007af080000,0x00000007af080000,0x00000007b0a00000)
  to   space 26112K, 0% used [0x00000007b5700000,0x00000007b5700000,0x00000007b7080000)
 ParOldGen       total 126976K, used 43428K [0x0000000760000000, 0x0000000767c00000, 0x00000007a0000000)
  object space 126976K, 34% used [0x0000000760000000,0x0000000762a69080,0x0000000767c00000)
 Metaspace       used 58088K, capacity 60234K, committed 60416K, reserved 1101824K
  class space    used 7700K, capacity 8109K, committed 8192K, reserved 1048576K
GC Heap History (10 events):
Event: 10.434 GC heap before
{Heap before GC invocations=10 (full 2):
 PSYoungGen      total 125952K, used 115712K [0x00000007a0000000, 0x00000007ade00000, 0x00000007c0000000)
  eden space 115712K, 100% used [0x00000007a0000000,0x00000007a7100000,0x00000007a7100000)
  from space 10240K, 0% used [0x00000007a7100000,0x00000007a7100000,0x00000007a7b00000)
  to   space 12288K, 0% used [0x00000007ad200000,0x00000007ad200000,0x00000007ade00000)
 ParOldGen       total 75264K, used 17571K [0x0000000760000000, 0x0000000764980000, 0x00000007a0000000)
  object space 75264K, 23% used [0x0000000760000000,0x0000000761128d60,0x0000000764980000)
 Metaspace       used 42909K, capacity 43786K, committed 44160K, reserved 1087488K
  class space    used 5716K, capacity 5940K, committed 6016K, reserved 1048576K
Event: 10.454 GC heap after
Heap after GC invocations=10 (full 2):
 PSYoungGen      total 197120K, used 11864K [0x00000007a0000000, 0x00000007ade00000, 0x00000007c0000000)
  eden space 184832K, 0% used [0x00000007a0000000,0x00000007a0000000,0x00000007ab480000)
  from space 12288K, 96% used [0x00000007ad200000,0x00000007add962d0,0x00000007ade00000)
  to   space 13312K, 0% used [0x00000007ac400000,0x00000007ac400000,0x00000007ad100000)
 ParOldGen       total 75264K, used 17579K [0x0000000760000000, 0x0000000764980000, 0x00000007a0000000)
  object space 75264K, 23% used [0x0000000760000000,0x000000076112ad60,0x0000000764980000)
 Metaspace       used 42909K, capacity 43786K, committed 44160K, reserved 1087488K
  class space    used 5716K, capacity 5940K, committed 6016K, reserved 1048576K
}
Event: 12.733 GC heap before
{Heap before GC invocations=11 (full 2):
 PSYoungGen      total 197120K, used 196696K [0x00000007a0000000, 0x00000007ade00000, 0x00000007c0000000)
  eden space 184832K, 100% used [0x00000007a0000000,0x00000007ab480000,0x00000007ab480000)
  from space 12288K, 96% used [0x00000007ad200000,0x00000007add962d0,0x00000007ade00000)
  to   space 13312K, 0% used [0x00000007ac400000,0x00000007ac400000,0x00000007ad100000)
 ParOldGen       total 75264K, used 17579K [0x0000000760000000, 0x0000000764980000, 0x00000007a0000000)
  object space 75264K, 23% used [0x0000000760000000,0x000000076112ad60,0x0000000764980000)
 Metaspace       used 49297K, capacity 50898K, committed 51072K, reserved 1093632K
  class space    used 6607K, capacity 6955K, committed 7040K, reserved 1048576K
Event: 12.822 GC heap after
Heap after GC invocations=11 (full 2):
 PSYoungGen      total 214016K, used 13302K [0x00000007a0000000, 0x00000007b1c00000, 0x00000007c0000000)
  eden space 200704K, 0% used [0x00000007a0000000,0x00000007a0000000,0x00000007ac400000)
  from space 13312K, 99% used [0x00000007ac400000,0x00000007ad0fdb80,0x00000007ad100000)
  to   space 18432K, 0% used [0x00000007b0a00000,0x00000007b0a00000,0x00000007b1c00000)
 ParOldGen       total 75264K, used 26430K [0x0000000760000000, 0x0000000764980000, 0x00000007a0000000)
  object space 75264K, 35% used [0x0000000760000000,0x00000007619cf878,0x0000000764980000)
 Metaspace       used 49297K, capacity 50898K, committed 51072K, reserved 1093632K
  class space    used 6607K, capacity 6955K, committed 7040K, reserved 1048576K
}
Event: 24.971 GC heap before
{Heap before GC invocations=12 (full 2):
 PSYoungGen      total 214016K, used 214006K [0x00000007a0000000, 0x00000007b1c00000, 0x00000007c0000000)
  eden space 200704K, 100% used [0x00000007a0000000,0x00000007ac400000,0x00000007ac400000)
  from space 13312K, 99% used [0x00000007ac400000,0x00000007ad0fdb80,0x00000007ad100000)
  to   space 18432K, 0% used [0x00000007b0a00000,0x00000007b0a00000,0x00000007b1c00000)
 ParOldGen       total 75264K, used 26430K [0x0000000760000000, 0x0000000764980000, 0x00000007a0000000)
  object space 75264K, 35% used [0x0000000760000000,0x00000007619cf878,0x0000000764980000)
 Metaspace       used 54010K, capacity 56056K, committed 56320K, reserved 1097728K
  class space    used 7191K, capacity 7616K, committed 7680K, reserved 1048576K
Event: 25.017 GC heap after
Heap after GC invocations=12 (full 2):
 PSYoungGen      total 264704K, used 18406K [0x00000007a0000000, 0x00000007b3980000, 0x00000007c0000000)
  eden space 246272K, 0% used [0x00000007a0000000,0x00000007a0000000,0x00000007af080000)
  from space 18432K, 99% used [0x00000007b0a00000,0x00000007b1bf9b88,0x00000007b1c00000)
  to   space 26112K, 0% used [0x00000007af080000,0x00000007af080000,0x00000007b0a00000)
 ParOldGen       total 75264K, used 40150K [0x0000000760000000, 0x0000000764980000, 0x00000007a0000000)
  object space 75264K, 53% used [0x0000000760000000,0x00000007627358a0,0x0000000764980000)
 Metaspace       used 54010K, capacity 56056K, committed 56320K, reserved 1097728K
  class space    used 7191K, capacity 7616K, committed 7680K, reserved 1048576K
}
Event: 28.884 GC heap before
{Heap before GC invocations=13 (full 2):
 PSYoungGen      total 264704K, used 101552K [0x00000007a0000000, 0x00000007b3980000, 0x00000007c0000000)
  eden space 246272K, 33% used [0x00000007a0000000,0x00000007a51326a8,0x00000007af080000)
  from space 18432K, 99% used [0x00000007b0a00000,0x00000007b1bf9b88,0x00000007b1c00000)
  to   space 26112K, 0% used [0x00000007af080000,0x00000007af080000,0x00000007b0a00000)
 ParOldGen       total 75264K, used 40150K [0x0000000760000000, 0x0000000764980000, 0x00000007a0000000)
  object space 75264K, 53% used [0x0000000760000000,0x00000007627358a0,0x0000000764980000)
 Metaspace       used 56965K, capacity 59082K, committed 59160K, reserved 1099776K
  class space    used 7614K, capacity 8045K, committed 8064K, reserved 1048576K
Event: 28.935 GC heap after
Heap after GC invocations=13 (full 2):
 PSYoungGen      total 272384K, used 3838K [0x00000007a0000000, 0x00000007b7080000, 0x00000007c0000000)
  eden space 246272K, 0% used [0x00000007a0000000,0x00000007a0000000,0x00000007af080000)
  from space 26112K, 14% used [0x00000007af080000,0x00000007af43fbc8,0x00000007b0a00000)
  to   space 26112K, 0% used [0x00000007b5700000,0x00000007b5700000,0x00000007b7080000)
 ParOldGen       total 75264K, used 58419K [0x0000000760000000, 0x0000000764980000, 0x00000007a0000000)
  object space 75264K, 77% used [0x0000000760000000,0x000000076390cc18,0x0000000764980000)
 Metaspace       used 56965K, capacity 59082K, committed 59160K, reserved 1099776K
  class space    used 7614K, capacity 8045K, committed 8064K, reserved 1048576K
}
Event: 28.935 GC heap before
{Heap before GC invocations=14 (full 3):
 PSYoungGen      total 272384K, used 3838K [0x00000007a0000000, 0x00000007b7080000, 0x00000007c0000000)
  eden space 246272K, 0% used [0x00000007a0000000,0x00000007a0000000,0x00000007af080000)
  from space 26112K, 14% used [0x00000007af080000,0x00000007af43fbc8,0x00000007b0a00000)
  to   space 26112K, 0% used [0x00000007b5700000,0x00000007b5700000,0x00000007b7080000)
 ParOldGen       total 75264K, used 58419K [0x0000000760000000, 0x0000000764980000, 0x00000007a0000000)
  object space 75264K, 77% used [0x0000000760000000,0x000000076390cc18,0x0000000764980000)
 Metaspace       used 56965K, capacity 59082K, committed 59160K, reserved 1099776K
  class space    used 7614K, capacity 8045K, committed 8064K, reserved 1048576K
Event: 29.234 GC heap after
Heap after GC invocations=14 (full 3):
 PSYoungGen      total 272384K, used 0K [0x00000007a0000000, 0x00000007b7080000, 0x00000007c0000000)
  eden space 246272K, 0% used [0x00000007a0000000,0x00000007a0000000,0x00000007af080000)
  from space 26112K, 0% used [0x00000007af080000,0x00000007af080000,0x00000007b0a00000)
  to   space 26112K, 0% used [0x00000007b5700000,0x00000007b5700000,0x00000007b7080000)
 ParOldGen       total 126976K, used 43428K [0x0000000760000000, 0x0000000767c00000, 0x00000007a0000000)
  object space 126976K, 34% used [0x0000000760000000,0x0000000762a69080,0x0000000767c00000)
 Metaspace       used 56965K, capacity 59082K, committed 59160K, reserved 1099776K
  class space    used 7614K, capacity 8045K, committed 8064K, reserved 1048576K
}

